2025-03-26 13:17:00 | DEBUG | repo=a4m36jee-2014 | action=commit
2025-05-18 12:46:00 | WARN | repo=a4m36jee-2014 | action=pull
2025-07-22 15:31:00 | INFO | repo=a4m36jee-2014 | action=edit | files=4
2025-09-24 19:17:00 | INFO | repo=a4m36jee-2014 | action=commit
2025-05-07 20:08:00 | DEBUG | repo=a4m36jee-2014 | action=edit | files=4
2025-06-10 08:00:00 | DEBUG | repo=a4m36jee-2014 | action=test | passed=true
2025-05-10 16:31:00 | INFO | repo=a4m36jee-2014 | action=commit
2025-06-24 17:24:00 | WARN | repo=a4m36jee-2014 | action=commit
2025-01-02 18:45:00 | WARN | repo=a4m36jee-2014 | action=edit | files=5
2025-11-08 16:12:00 | WARN | repo=a4m36jee-2014 | action=test | passed=true
2025-05-02 17:59:00 | INFO | repo=a4m36jee-2014 | action=pull
2025-12-10 16:28:00 | WARN | repo=a4m36jee-2014 | action=commit
2025-04-21 20:57:00 | INFO | repo=a4m36jee-2014 | action=test | passed=true
2025-08-20 20:03:00 | WARN | repo=a4m36jee-2014 | action=edit | files=3
2025-03-06 12:08:00 | WARN | repo=a4m36jee-2014 | action=pull
2025-02-28 12:45:00 | INFO | repo=a4m36jee-2014 | action=pull
2025-06-08 17:18:00 | DEBUG | repo=a4m36jee-2014 | action=edit | files=3
2025-10-17 11:16:00 | DEBUG | repo=a4m36jee-2014 | action=edit | files=3
2025-01-14 17:22:00 | WARN | repo=a4m36jee-2014 | action=commit
2025-11-09 08:52:00 | INFO | repo=a4m36jee-2014 | action=pull
2025-02-08 20:53:00 | INFO | repo=a4m36jee-2014 | action=commit
2025-03-15 09:06:00 | INFO | repo=a4m36jee-2014 | action=pull
2025-07-03 16:04:00 | WARN | repo=a4m36jee-2014 | action=commit
2025-02-10 07:52:00 | DEBUG | repo=a4m36jee-2014 | action=commit
2025-02-27 18:18:00 | INFO | repo=a4m36jee-2014 | action=edit | files=5
2025-10-25 21:32:00 | WARN | repo=a4m36jee-2014 | action=commit
2025-03-17 07:36:00 | INFO | repo=a4m36jee-2014 | action=commit
2025-10-20 14:31:00 | WARN | repo=a4m36jee-2014 | action=commit
2025-11-25 14:49:00 | DEBUG | repo=a4m36jee-2014 | action=edit | files=1
2025-12-21 12:39:00 | DEBUG | repo=a4m36jee-2014 | action=commit
2025-10-14 16:59:00 | WARN | repo=a4m36jee-2014 | action=pull
2025-10-12 08:02:00 | DEBUG | repo=a4m36jee-2014 | action=commit
2025-08-28 14:20:00 | WARN | repo=a4m36jee-2014 | action=pull
2025-06-19 13:53:00 | WARN | repo=a4m36jee-2014 | action=commit
2025-10-21 07:27:00 | INFO | repo=a4m36jee-2014 | action=test | passed=true
2025-08-11 18:09:00 | WARN | repo=a4m36jee-2014 | action=test | passed=true
2025-06-23 11:38:00 | INFO | repo=a4m36jee-2014 | action=commit
2025-09-16 16:35:00 | WARN | repo=a4m36jee-2014 | action=test | passed=true
2025-11-11 15:44:00 | DEBUG | repo=a4m36jee-2014 | action=pull
2025-11-25 08:59:00 | INFO | repo=a4m36jee-2014 | action=edit | files=2
2025-04-22 11:12:00 | DEBUG | repo=a4m36jee-2014 | action=commit
2025-05-10 15:30:00 | WARN | repo=a4m36jee-2014 | action=test | passed=true
2025-03-16 11:40:00 | WARN | repo=a4m36jee-2014 | action=commit
2025-03-16 12:24:00 | WARN | repo=a4m36jee-2014 | action=edit | files=2
2025-08-14 13:33:00 | INFO | repo=a4m36jee-2014 | action=commit
2025-11-20 16:55:00 | INFO | repo=a4m36jee-2014 | action=commit
2025-11-16 21:44:00 | INFO | repo=a4m36jee-2014 | action=pull
2025-11-23 19:10:00 | INFO | repo=a4m36jee-2014 | action=commit
2025-02-01 11:36:00 | WARN | repo=a4m36jee-2014 | action=edit | files=4
2025-08-25 08:12:00 | WARN | repo=a4m36jee-2014 | action=commit
2025-09-11 12:11:00 | DEBUG | repo=a4m36jee-2014 | action=commit
2025-04-07 11:10:00 | INFO | repo=a4m36jee-2014 | action=pull
2025-02-18 15:15:00 | DEBUG | repo=a4m36jee-2014 | action=pull
2025-08-22 19:53:00 | INFO | repo=a4m36jee-2014 | action=commit
2025-04-10 17:43:00 | INFO | repo=a4m36jee-2014 | action=commit
2025-02-27 08:50:00 | WARN | repo=a4m36jee-2014 | action=test | passed=true
2025-10-28 13:57:00 | WARN | repo=a4m36jee-2014 | action=edit | files=4
2025-03-25 14:55:00 | INFO | repo=a4m36jee-2014 | action=commit
2025-04-17 10:58:00 | DEBUG | repo=a4m36jee-2014 | action=commit
2025-05-25 18:26:00 | WARN | repo=a4m36jee-2014 | action=commit
2025-08-10 12:03:00 | DEBUG | repo=a4m36jee-2014 | action=commit
2025-07-05 19:02:00 | DEBUG | repo=a4m36jee-2014 | action=test | passed=true
2025-09-18 07:58:00 | WARN | repo=a4m36jee-2014 | action=commit
2025-03-08 07:35:00 | DEBUG | repo=a4m36jee-2014 | action=commit
2025-03-14 16:40:00 | INFO | repo=a4m36jee-2014 | action=edit | files=1
2025-02-14 10:24:00 | WARN | repo=a4m36jee-2014 | action=commit
2025-08-19 11:52:00 | WARN | repo=a4m36jee-2014 | action=commit
2025-02-21 18:26:00 | INFO | repo=a4m36jee-2014 | action=pull
2025-02-03 13:28:00 | DEBUG | repo=a4m36jee-2014 | action=commit
2025-05-04 09:47:00 | INFO | repo=a4m36jee-2014 | action=test | passed=true
2025-07-16 12:55:00 | DEBUG | repo=a4m36jee-2014 | action=pull
2025-12-24 18:22:00 | INFO | repo=a4m36jee-2014 | action=commit
2025-08-15 07:39:00 | INFO | repo=a4m36jee-2014 | action=edit | files=2
2025-04-17 18:07:00 | WARN | repo=a4m36jee-2014 | action=commit
2025-02-11 19:37:00 | WARN | repo=a4m36jee-2014 | action=commit
2025-06-13 17:57:00 | INFO | repo=a4m36jee-2014 | action=test | passed=true
2025-09-05 17:40:00 | DEBUG | repo=a4m36jee-2014 | action=test | passed=true
2025-11-06 21:30:00 | DEBUG | repo=a4m36jee-2014 | action=pull
2025-07-22 16:39:00 | INFO | repo=a4m36jee-2014 | action=pull
2025-03-15 15:33:00 | INFO | repo=a4m36jee-2014 | action=commit
2025-08-25 20:11:00 | DEBUG | repo=a4m36jee-2014 | action=commit
2025-12-09 21:35:00 | WARN | repo=a4m36jee-2014 | action=edit | files=1
2025-09-11 18:24:00 | INFO | repo=a4m36jee-2014 | action=pull
2025-02-16 12:13:00 | WARN | repo=a4m36jee-2014 | action=test | passed=true
2025-06-21 20:59:00 | DEBUG | repo=a4m36jee-2014 | action=pull
2025-08-20 20:06:00 | INFO | repo=a4m36jee-2014 | action=edit | files=3
2025-02-19 17:20:00 | WARN | repo=a4m36jee-2014 | action=commit
2025-08-05 07:46:00 | INFO | repo=a4m36jee-2014 | action=pull
2025-11-27 21:16:00 | DEBUG | repo=a4m36jee-2014 | action=edit | files=5
2025-10-04 14:14:00 | DEBUG | repo=a4m36jee-2014 | action=test | passed=true
2025-10-02 08:39:00 | INFO | repo=a4m36jee-2014 | action=edit | files=1
2025-05-03 07:02:00 | INFO | repo=a4m36jee-2014 | action=edit | files=2
2025-11-04 07:22:00 | WARN | repo=a4m36jee-2014 | action=test | passed=true
2025-04-16 21:09:00 | DEBUG | repo=a4m36jee-2014 | action=test | passed=true
2025-04-17 15:06:00 | WARN | repo=a4m36jee-2014 | action=pull
2025-08-05 12:18:00 | DEBUG | repo=a4m36jee-2014 | action=pull
2025-05-16 08:26:00 | DEBUG | repo=a4m36jee-2014 | action=commit
2025-11-12 08:05:00 | INFO | repo=a4m36jee-2014 | action=pull
2025-09-24 21:44:00 | INFO | repo=a4m36jee-2014 | action=pull
2025-01-03 14:33:00 | INFO | repo=a4m36jee-2014 | action=pull
2025-11-06 10:43:00 | DEBUG | repo=a4m36jee-2014 | action=edit | files=5
2025-02-28 08:05:00 | INFO | repo=a4m36jee-2014 | action=commit
2025-12-05 20:01:00 | INFO | repo=a4m36jee-2014 | action=commit
2025-08-23 07:44:00 | WARN | repo=a4m36jee-2014 | action=commit
2025-09-14 09:57:00 | WARN | repo=a4m36jee-2014 | action=edit | files=5
2025-10-24 15:52:00 | WARN | repo=a4m36jee-2014 | action=commit
2025-09-21 14:15:00 | INFO | repo=a4m36jee-2014 | action=commit
2025-06-26 09:15:00 | WARN | repo=a4m36jee-2014 | action=commit
2025-03-06 13:52:00 | DEBUG | repo=a4m36jee-2014 | action=pull
2025-04-17 11:41:00 | DEBUG | repo=a4m36jee-2014 | action=pull
2025-08-03 20:01:00 | WARN | repo=a4m36jee-2014 | action=edit | files=4
2025-12-25 10:23:00 | WARN | repo=a4m36jee-2014 | action=pull
2025-10-23 07:21:00 | WARN | repo=a4m36jee-2014 | action=commit
2025-05-07 17:40:00 | DEBUG | repo=a4m36jee-2014 | action=test | passed=true
2025-01-12 08:38:00 | WARN | repo=a4m36jee-2014 | action=commit
2025-11-19 20:23:00 | INFO | repo=a4m36jee-2014 | action=test | passed=true
2025-09-12 21:26:00 | WARN | repo=a4m36jee-2014 | action=edit | files=3
2025-05-27 07:40:00 | INFO | repo=a4m36jee-2014 | action=commit
2025-03-20 10:45:00 | INFO | repo=a4m36jee-2014 | action=pull
2025-06-10 14:29:00 | DEBUG | repo=a4m36jee-2014 | action=pull
2025-12-08 20:59:00 | DEBUG | repo=a4m36jee-2014 | action=commit
2025-11-22 08:31:00 | WARN | repo=a4m36jee-2014 | action=pull
2025-09-14 16:24:00 | INFO | repo=a4m36jee-2014 | action=commit
2025-11-03 13:18:00 | WARN | repo=a4m36jee-2014 | action=commit
2025-10-13 07:36:00 | WARN | repo=a4m36jee-2014 | action=edit | files=4
2025-06-12 20:31:00 | DEBUG | repo=a4m36jee-2014 | action=commit
2025-01-12 14:23:00 | WARN | repo=a4m36jee-2014 | action=commit
2025-11-11 17:28:00 | WARN | repo=a4m36jee-2014 | action=commit
2025-02-09 17:39:00 | DEBUG | repo=a4m36jee-2014 | action=pull
2025-04-03 14:11:00 | DEBUG | repo=a4m36jee-2014 | action=test | passed=true
2025-02-03 09:39:00 | INFO | repo=a4m36jee-2014 | action=test | passed=true
2025-11-12 07:45:00 | DEBUG | repo=a4m36jee-2014 | action=edit | files=5
2025-08-24 07:21:00 | DEBUG | repo=a4m36jee-2014 | action=pull
2025-06-05 21:13:00 | INFO | repo=a4m36jee-2014 | action=pull
2025-04-01 16:20:00 | INFO | repo=a4m36jee-2014 | action=pull
2025-12-09 21:17:00 | INFO | repo=a4m36jee-2014 | action=commit
2025-01-02 17:12:00 | INFO | repo=a4m36jee-2014 | action=commit
2025-07-16 17:35:00 | INFO | repo=a4m36jee-2014 | action=test | passed=true
2025-10-07 20:53:00 | WARN | repo=a4m36jee-2014 | action=test | passed=true
2025-12-25 11:08:00 | DEBUG | repo=a4m36jee-2014 | action=edit | files=2
2025-02-02 08:49:00 | WARN | repo=a4m36jee-2014 | action=commit
2025-04-09 18:52:00 | DEBUG | repo=a4m36jee-2014 | action=edit | files=5
2025-08-27 09:45:00 | DEBUG | repo=a4m36jee-2014 | action=pull
2025-12-26 14:50:00 | WARN | repo=a4m36jee-2014 | action=commit
2025-03-24 11:19:00 | WARN | repo=a4m36jee-2014 | action=commit
2025-12-03 18:16:00 | DEBUG | repo=a4m36jee-2014 | action=commit
2025-10-23 08:50:00 | WARN | repo=a4m36jee-2014 | action=edit | files=4
2025-05-26 08:46:00 | INFO | repo=a4m36jee-2014 | action=commit
2025-10-21 14:00:00 | DEBUG | repo=a4m36jee-2014 | action=commit
2025-03-19 18:26:00 | DEBUG | repo=a4m36jee-2014 | action=commit
2025-02-19 19:19:00 | DEBUG | repo=a4m36jee-2014 | action=edit | files=2
2025-01-11 13:19:00 | DEBUG | repo=a4m36jee-2014 | action=commit
